[debug] [2023-01-31T16:30:49.592Z] ----------------------------------------------------------------------
[debug] [2023-01-31T16:30:49.599Z] Command:       C:\Program Files\nodejs\node.exe C:\Users\user\AppData\Roaming\npm\node_modules\firebase-tools\lib\bin\firebase.js login
[debug] [2023-01-31T16:30:49.601Z] CLI Version:   11.21.0
[debug] [2023-01-31T16:30:49.601Z] Platform:      win32
[debug] [2023-01-31T16:30:49.602Z] Node Version:  v19.5.0
[debug] [2023-01-31T16:30:49.602Z] Time:          Tue Jan 31 2023 22:00:49 GMT+0530 (India Standard Time)
[debug] [2023-01-31T16:30:49.603Z] ----------------------------------------------------------------------
[debug] 
[info] i  Firebase optionally collects CLI and Emulator Suite usage and error reporting information to help improve our products. Data is collected in accordance with Google's privacy policy (https://policies.google.com/privacy) and is not used to identify you.
 
[info] i  To change your data collection preference at any time, run `firebase logout` and log in again. 
[info] 
[info] Visit this URL on this device to log in:
[info] https://accounts.google.com/o/oauth2/auth?client_id=563584335869-fgrhgmd47bqnekij5i8b5pr03ho849e6.apps.googleusercontent.com&scope=email%20openid%20https%3A%2F%2Fwww.googleapis.com%2Fauth%2Fcloudplatformprojects.readonly%20https%3A%2F%2Fwww.googleapis.com%2Fauth%2Ffirebase%20https%3A%2F%2Fwww.googleapis.com%2Fauth%2Fcloud-platform&response_type=code&state=33997562&redirect_uri=http%3A%2F%2Flocalhost%3A9005
[info] 
[info] Waiting for authentication...
[debug] [2023-01-31T16:31:12.242Z] >>> [apiv2][query] POST https://accounts.google.com/o/oauth2/token [none]
[debug] [2023-01-31T16:31:12.243Z] >>> [apiv2][body] POST https://accounts.google.com/o/oauth2/token [omitted]
[debug] [2023-01-31T16:31:12.862Z] <<< [apiv2][status] POST https://accounts.google.com/o/oauth2/token 200
[debug] [2023-01-31T16:31:12.862Z] <<< [apiv2][body] POST https://accounts.google.com/o/oauth2/token [omitted]
[info] 
[info] +  Success! Logged in as ghazalashameem3365@gmail.com 
[debug] [2023-01-31T16:31:22.982Z] Error: Timed out.
    at Timeout._onTimeout (C:\Users\user\AppData\Roaming\npm\node_modules\firebase-tools\lib\utils.js:253:49)
    at listOnTimeout (node:internal/timers:568:17)
    at process.processTimers (node:internal/timers:511:7)
[error] 
[error] Error: An unexpected error has occurred.
[debug] [2023-01-31T16:31:48.169Z] ----------------------------------------------------------------------
[debug] [2023-01-31T16:31:48.177Z] Command:       C:\Program Files\nodejs\node.exe C:\Users\user\AppData\Roaming\npm\node_modules\firebase-tools\lib\bin\firebase.js init
[debug] [2023-01-31T16:31:48.178Z] CLI Version:   11.21.0
[debug] [2023-01-31T16:31:48.179Z] Platform:      win32
[debug] [2023-01-31T16:31:48.179Z] Node Version:  v19.5.0
[debug] [2023-01-31T16:31:48.180Z] Time:          Tue Jan 31 2023 22:01:48 GMT+0530 (India Standard Time)
[debug] [2023-01-31T16:31:48.180Z] ----------------------------------------------------------------------
[debug] 
[debug] [2023-01-31T16:31:48.202Z] > command requires scopes: ["email","openid","https://www.googleapis.com/auth/cloudplatformprojects.readonly","https://www.googleapis.com/auth/firebase","https://www.googleapis.com/auth/cloud-platform"]
[debug] [2023-01-31T16:31:48.204Z] > authorizing via signed-in user (ghazalashameem3365@gmail.com)
[info] 
     ######## #### ########  ######## ########     ###     ######  ########
     ##        ##  ##     ## ##       ##     ##  ##   ##  ##       ##
     ######    ##  ########  ######   ########  #########  ######  ######
     ##        ##  ##    ##  ##       ##     ## ##     ##       ## ##
     ##       #### ##     ## ######## ########  ##     ##  ######  ########

You're about to initialize a Firebase project in this directory:

  C:\Users\user\Documents\netflix-clone

[info] 
=== Project Setup
[info] 
[info] First, let's associate this project directory with a Firebase project.
[info] You can create multiple project aliases by running firebase use --add, 
[info] but for now we'll just set up a default project.
[info] 
[debug] [2023-01-31T16:32:16.624Z] >>> [apiv2][query] GET https://firebase.googleapis.com/v1beta1/projects pageSize=100
[debug] [2023-01-31T16:32:18.452Z] <<< [apiv2][status] GET https://firebase.googleapis.com/v1beta1/projects 200
[debug] [2023-01-31T16:32:18.453Z] <<< [apiv2][body] GET https://firebase.googleapis.com/v1beta1/projects [omitted]
[info] i  Using project netflix-clone-1b898 (netflix-clone) 
[info] 
=== Hosting Setup
[info] 
[info] Your public directory is the folder (relative to your project directory) that
[info] will contain Hosting assets to be uploaded with firebase deploy. If you
[info] have a build process for your assets, use your build's output directory.
[info] 
[debug] [2023-01-31T16:32:38.964Z] >>> [apiv2][query] GET https://www.gstatic.com/firebasejs/releases.json [none]
[debug] [2023-01-31T16:32:39.326Z] <<< [apiv2][status] GET https://www.gstatic.com/firebasejs/releases.json 200
[debug] [2023-01-31T16:32:39.328Z] <<< [apiv2][body] GET https://www.gstatic.com/firebasejs/releases.json {"current":{"version":"9.16.0","browserURL":"https://www.gstatic.com/firebasejs/9.16.0/firebase.js","packageURL":"https://www.gstatic.com/firebasejs/9.16.0/firebase.tgz"},"live":{"version":"9.16","browserURL":"https://www.gstatic.com/firebasejs/live/9.16/firebase.js","packageURL":"https://www.gstatic.com/firebasejs/live/9.16/firebase.tgz"},"components":{"analytics":"https://www.gstatic.com/firebasejs/9.16.0/firebase-analytics.js","app":"https://www.gstatic.com/firebasejs/9.16.0/firebase-app.js","app-check":"https://www.gstatic.com/firebasejs/9.16.0/firebase-app-check.js","auth":"https://www.gstatic.com/firebasejs/9.16.0/firebase-auth.js","auth/cordova":"https://www.gstatic.com/firebasejs/9.16.0/firebase-auth/cordova.js","auth/react-native":"https://www.gstatic.com/firebasejs/9.16.0/firebase-auth/react-native.js","functions":"https://www.gstatic.com/firebasejs/9.16.0/firebase-functions.js","firestore":"https://www.gstatic.com/firebasejs/9.16.0/firebase-firestore.js","firestore/lite":"https://www.gstatic.com/firebasejs/9.16.0/firebase-firestore/lite.js","installations":"https://www.gstatic.com/firebasejs/9.16.0/firebase-installations.js","storage":"https://www.gstatic.com/firebasejs/9.16.0/firebase-storage.js","performance":"https://www.gstatic.com/firebasejs/9.16.0/firebase-performance.js","remote-config":"https://www.gstatic.com/firebasejs/9.16.0/firebase-remote-config.js","messaging":"https://www.gstatic.com/firebasejs/9.16.0/firebase-messaging.js","messaging/sw":"https://www.gstatic.com/firebasejs/9.16.0/firebase-messaging/sw.js","database":"https://www.gstatic.com/firebasejs/9.16.0/firebase-database.js","firestore.memory":"https://www.gstatic.com/firebasejs/9.16.0/firebase-firestore.memory.js"}}
[info] +  Wrote build/index.html 
[info] 
[info] i  Writing configuration info to firebase.json... 
[info] i  Writing project information to .firebaserc... 
[info] 
[info] +  Firebase initialization complete! 
[debug] [2023-01-31T16:32:49.415Z] Error: Timed out.
    at Timeout._onTimeout (C:\Users\user\AppData\Roaming\npm\node_modules\firebase-tools\lib\utils.js:253:49)
    at listOnTimeout (node:internal/timers:568:17)
    at process.processTimers (node:internal/timers:511:7)
[error] 
[error] Error: An unexpected error has occurred.
[debug] [2023-01-31T16:34:27.379Z] ----------------------------------------------------------------------
[debug] [2023-01-31T16:34:27.387Z] Command:       C:\Program Files\nodejs\node.exe C:\Users\user\AppData\Roaming\npm\node_modules\firebase-tools\lib\bin\firebase.js deploy
[debug] [2023-01-31T16:34:27.389Z] CLI Version:   11.21.0
[debug] [2023-01-31T16:34:27.389Z] Platform:      win32
[debug] [2023-01-31T16:34:27.390Z] Node Version:  v19.5.0
[debug] [2023-01-31T16:34:27.390Z] Time:          Tue Jan 31 2023 22:04:27 GMT+0530 (India Standard Time)
[debug] [2023-01-31T16:34:27.391Z] ----------------------------------------------------------------------
[debug] 
[debug] [2023-01-31T16:34:27.631Z] > command requires scopes: ["email","openid","https://www.googleapis.com/auth/cloudplatformprojects.readonly","https://www.googleapis.com/auth/firebase","https://www.googleapis.com/auth/cloud-platform"]
[debug] [2023-01-31T16:34:27.633Z] > authorizing via signed-in user (ghazalashameem3365@gmail.com)
[debug] [2023-01-31T16:34:27.633Z] [iam] checking project netflix-clone-1b898 for permissions ["firebase.projects.get","firebasehosting.sites.update"]
[debug] [2023-01-31T16:34:27.640Z] >>> [apiv2][query] POST https://cloudresourcemanager.googleapis.com/v1/projects/netflix-clone-1b898:testIamPermissions [none]
[debug] [2023-01-31T16:34:27.641Z] >>> [apiv2][(partial)header] POST https://cloudresourcemanager.googleapis.com/v1/projects/netflix-clone-1b898:testIamPermissions x-goog-quota-user=projects/netflix-clone-1b898
[debug] [2023-01-31T16:34:27.642Z] >>> [apiv2][body] POST https://cloudresourcemanager.googleapis.com/v1/projects/netflix-clone-1b898:testIamPermissions {"permissions":["firebase.projects.get","firebasehosting.sites.update"]}
[debug] [2023-01-31T16:34:29.700Z] <<< [apiv2][status] POST https://cloudresourcemanager.googleapis.com/v1/projects/netflix-clone-1b898:testIamPermissions 200
[debug] [2023-01-31T16:34:29.701Z] <<< [apiv2][body] POST https://cloudresourcemanager.googleapis.com/v1/projects/netflix-clone-1b898:testIamPermissions {"permissions":["firebase.projects.get","firebasehosting.sites.update"]}
[debug] [2023-01-31T16:34:29.704Z] >>> [apiv2][query] GET https://firebase.googleapis.com/v1beta1/projects/netflix-clone-1b898 [none]
[debug] [2023-01-31T16:34:30.755Z] <<< [apiv2][status] GET https://firebase.googleapis.com/v1beta1/projects/netflix-clone-1b898 200
[debug] [2023-01-31T16:34:30.757Z] <<< [apiv2][body] GET https://firebase.googleapis.com/v1beta1/projects/netflix-clone-1b898 {"projectId":"netflix-clone-1b898","projectNumber":"166596141030","displayName":"netflix-clone","name":"projects/netflix-clone-1b898","resources":{"hostingSite":"netflix-clone-1b898"},"state":"ACTIVE","etag":"1_18ac4fbe-4abd-467b-a092-f33d2e68a46b"}
[info] 
[info] === Deploying to 'netflix-clone-1b898'...
[info] 
[info] i  deploying hosting 
[debug] [2023-01-31T16:34:30.787Z] >>> [apiv2][query] POST https://firebasehosting.googleapis.com/v1beta1/projects/-/sites/netflix-clone-1b898/versions [none]
[debug] [2023-01-31T16:34:30.787Z] >>> [apiv2][body] POST https://firebasehosting.googleapis.com/v1beta1/projects/-/sites/netflix-clone-1b898/versions {"status":"CREATED","labels":{"deployment-tool":"cli-firebase"}}
[debug] [2023-01-31T16:34:33.303Z] <<< [apiv2][status] POST https://firebasehosting.googleapis.com/v1beta1/projects/-/sites/netflix-clone-1b898/versions 200
[debug] [2023-01-31T16:34:33.304Z] <<< [apiv2][body] POST https://firebasehosting.googleapis.com/v1beta1/projects/-/sites/netflix-clone-1b898/versions {"name":"projects/166596141030/sites/netflix-clone-1b898/versions/c47781534ae27bfe","status":"CREATED","config":{},"labels":{"deployment-tool":"cli-firebase"}}
[info] i  hosting[netflix-clone-1b898]: beginning deploy... 
[info] i  hosting[netflix-clone-1b898]: found 14 files in build 
[debug] [2023-01-31T16:34:51.888Z] [hosting] uploading with 200 concurrency
[debug] [2023-01-31T16:34:51.893Z] [hosting] hash cache [YnVpbGQ] not populated
[debug] [2023-01-31T16:34:52.159Z] [hosting] hash cache [YnVpbGQ] stored for 14 files
[debug] [2023-01-31T16:34:52.160Z] [hosting][hash queue][FINAL] {"max":241,"min":32,"avg":51.285714285714285,"active":0,"complete":14,"success":14,"errored":0,"retried":0,"total":14,"elapsed":263}
[debug] [2023-01-31T16:34:52.161Z] >>> [apiv2][query] POST https://firebasehosting.googleapis.com/v1beta1/projects/166596141030/sites/netflix-clone-1b898/versions/c47781534ae27bfe:populateFiles [none]
[debug] [2023-01-31T16:34:52.161Z] >>> [apiv2][body] POST https://firebasehosting.googleapis.com/v1beta1/projects/166596141030/sites/netflix-clone-1b898/versions/c47781534ae27bfe:populateFiles {"files":{"/asset-manifest.json":"508a686029082efc2a907f732179026b971df1f03173c4727ee2c1258b52faf3","/favicon.ico":"eae62e993eb980ec8a25058c39d5a51feab118bd2100c4deebb2a9c158ec11f9","/index.html":"261cd5edeaeb490149d73bde0381ce144713b6c6c835ce9c7cb95424866b62ea","/logo192.png":"3ee59515172ee198f3be375979df15ac5345183e656720a381b8872b2a39dc8b","/manifest.json":"aff3449bdc238776f5d6d967f19ec491b36aed5fb7f23ccff6500736fd58494a","/logo512.png":"ee7e2f3fdb8209c4b6fd7bef6ba50d1b9dba30a25bb5c3126df057e1cb6f5331","/robots.txt":"bfe106a3fb878dc83461c86818bf74fc1bdc7f28538ba613cd3e775516ce8b49","/static/css/main.b6c4e4a0.css":"01184713eae5addf7c14acb471ffd7a0ec8266862fbb411c54c7cb469957c4f1","/static/css/main.b6c4e4a0.css.map":"26211f84a0c8c23931822d674ea257c3fb2e9069c3dc8b19a3fec038700a6ffd","/static/js/787.440c4889.chunk.js":"c268d14940cb9f406aea523487d219d2e3d907a5fbcc16b5f6c0836de61d2b24","/static/js/787.440c4889.chunk.js.map":"f456d066bd5c0313a82e39aa8a87a2e834ea4a5867d3c75556bac38747740d3c","/static/js/main.7077ce23.js.LICENSE.txt":"5ff327b64c1eaf3a2ba3ed6befd38ed4fc2160d23fa74d25f6b91a94583d22ba","/static/js/main.7077ce23.js":"7a1c10d6c7d2257b3c20616e27fc58fc44db981a54e9317ea702fa4522063f3b","/static/js/main.7077ce23.js.map":"8a1e0683a057ac7b63bbfb233ab7948ad17bb6424dea98137f2625a42fb7e282"}}
[debug] [2023-01-31T16:34:53.675Z] <<< [apiv2][status] POST https://firebasehosting.googleapis.com/v1beta1/projects/166596141030/sites/netflix-clone-1b898/versions/c47781534ae27bfe:populateFiles 200
[debug] [2023-01-31T16:34:53.675Z] <<< [apiv2][body] POST https://firebasehosting.googleapis.com/v1beta1/projects/166596141030/sites/netflix-clone-1b898/versions/c47781534ae27bfe:populateFiles {"uploadRequiredHashes":["c268d14940cb9f406aea523487d219d2e3d907a5fbcc16b5f6c0836de61d2b24","01184713eae5addf7c14acb471ffd7a0ec8266862fbb411c54c7cb469957c4f1","508a686029082efc2a907f732179026b971df1f03173c4727ee2c1258b52faf3","3ee59515172ee198f3be375979df15ac5345183e656720a381b8872b2a39dc8b","5ff327b64c1eaf3a2ba3ed6befd38ed4fc2160d23fa74d25f6b91a94583d22ba","261cd5edeaeb490149d73bde0381ce144713b6c6c835ce9c7cb95424866b62ea","f456d066bd5c0313a82e39aa8a87a2e834ea4a5867d3c75556bac38747740d3c","7a1c10d6c7d2257b3c20616e27fc58fc44db981a54e9317ea702fa4522063f3b","bfe106a3fb878dc83461c86818bf74fc1bdc7f28538ba613cd3e775516ce8b49","eae62e993eb980ec8a25058c39d5a51feab118bd2100c4deebb2a9c158ec11f9","26211f84a0c8c23931822d674ea257c3fb2e9069c3dc8b19a3fec038700a6ffd","ee7e2f3fdb8209c4b6fd7bef6ba50d1b9dba30a25bb5c3126df057e1cb6f5331","aff3449bdc238776f5d6d967f19ec491b36aed5fb7f23ccff6500736fd58494a","8a1e0683a057ac7b63bbfb233ab7948ad17bb6424dea98137f2625a42fb7e282"],"uploadUrl":"https://upload-firebasehosting.googleapis.com/upload/sites/netflix-clone-1b898/versions/c47781534ae27bfe/files"}
[debug] [2023-01-31T16:34:53.684Z] >>> [apiv2][query] POST https://upload-firebasehosting.googleapis.com/upload/sites/netflix-clone-1b898/versions/c47781534ae27bfe/files/c268d14940cb9f406aea523487d219d2e3d907a5fbcc16b5f6c0836de61d2b24 [none]
[debug] [2023-01-31T16:34:53.685Z] >>> [apiv2][body] POST https://upload-firebasehosting.googleapis.com/upload/sites/netflix-clone-1b898/versions/c47781534ae27bfe/files/c268d14940cb9f406aea523487d219d2e3d907a5fbcc16b5f6c0836de61d2b24 [stream]
[debug] [2023-01-31T16:34:53.688Z] >>> [apiv2][query] POST https://upload-firebasehosting.googleapis.com/upload/sites/netflix-clone-1b898/versions/c47781534ae27bfe/files/01184713eae5addf7c14acb471ffd7a0ec8266862fbb411c54c7cb469957c4f1 [none]
[debug] [2023-01-31T16:34:53.689Z] >>> [apiv2][body] POST https://upload-firebasehosting.googleapis.com/upload/sites/netflix-clone-1b898/versions/c47781534ae27bfe/files/01184713eae5addf7c14acb471ffd7a0ec8266862fbb411c54c7cb469957c4f1 [stream]
[debug] [2023-01-31T16:34:53.694Z] >>> [apiv2][query] POST https://upload-firebasehosting.googleapis.com/upload/sites/netflix-clone-1b898/versions/c47781534ae27bfe/files/508a686029082efc2a907f732179026b971df1f03173c4727ee2c1258b52faf3 [none]
[debug] [2023-01-31T16:34:53.694Z] >>> [apiv2][body] POST https://upload-firebasehosting.googleapis.com/upload/sites/netflix-clone-1b898/versions/c47781534ae27bfe/files/508a686029082efc2a907f732179026b971df1f03173c4727ee2c1258b52faf3 [stream]
[debug] [2023-01-31T16:34:53.698Z] >>> [apiv2][query] POST https://upload-firebasehosting.googleapis.com/upload/sites/netflix-clone-1b898/versions/c47781534ae27bfe/files/3ee59515172ee198f3be375979df15ac5345183e656720a381b8872b2a39dc8b [none]
[debug] [2023-01-31T16:34:53.698Z] >>> [apiv2][body] POST https://upload-firebasehosting.googleapis.com/upload/sites/netflix-clone-1b898/versions/c47781534ae27bfe/files/3ee59515172ee198f3be375979df15ac5345183e656720a381b8872b2a39dc8b [stream]
[debug] [2023-01-31T16:34:53.702Z] >>> [apiv2][query] POST https://upload-firebasehosting.googleapis.com/upload/sites/netflix-clone-1b898/versions/c47781534ae27bfe/files/5ff327b64c1eaf3a2ba3ed6befd38ed4fc2160d23fa74d25f6b91a94583d22ba [none]
[debug] [2023-01-31T16:34:53.702Z] >>> [apiv2][body] POST https://upload-firebasehosting.googleapis.com/upload/sites/netflix-clone-1b898/versions/c47781534ae27bfe/files/5ff327b64c1eaf3a2ba3ed6befd38ed4fc2160d23fa74d25f6b91a94583d22ba [stream]
[debug] [2023-01-31T16:34:53.708Z] >>> [apiv2][query] POST https://upload-firebasehosting.googleapis.com/upload/sites/netflix-clone-1b898/versions/c47781534ae27bfe/files/261cd5edeaeb490149d73bde0381ce144713b6c6c835ce9c7cb95424866b62ea [none]
[debug] [2023-01-31T16:34:53.708Z] >>> [apiv2][body] POST https://upload-firebasehosting.googleapis.com/upload/sites/netflix-clone-1b898/versions/c47781534ae27bfe/files/261cd5edeaeb490149d73bde0381ce144713b6c6c835ce9c7cb95424866b62ea [stream]
[debug] [2023-01-31T16:34:53.713Z] >>> [apiv2][query] POST https://upload-firebasehosting.googleapis.com/upload/sites/netflix-clone-1b898/versions/c47781534ae27bfe/files/f456d066bd5c0313a82e39aa8a87a2e834ea4a5867d3c75556bac38747740d3c [none]
[debug] [2023-01-31T16:34:53.713Z] >>> [apiv2][body] POST https://upload-firebasehosting.googleapis.com/upload/sites/netflix-clone-1b898/versions/c47781534ae27bfe/files/f456d066bd5c0313a82e39aa8a87a2e834ea4a5867d3c75556bac38747740d3c [stream]
[debug] [2023-01-31T16:34:53.716Z] >>> [apiv2][query] POST https://upload-firebasehosting.googleapis.com/upload/sites/netflix-clone-1b898/versions/c47781534ae27bfe/files/7a1c10d6c7d2257b3c20616e27fc58fc44db981a54e9317ea702fa4522063f3b [none]
[debug] [2023-01-31T16:34:53.717Z] >>> [apiv2][body] POST https://upload-firebasehosting.googleapis.com/upload/sites/netflix-clone-1b898/versions/c47781534ae27bfe/files/7a1c10d6c7d2257b3c20616e27fc58fc44db981a54e9317ea702fa4522063f3b [stream]
[debug] [2023-01-31T16:34:53.721Z] >>> [apiv2][query] POST https://upload-firebasehosting.googleapis.com/upload/sites/netflix-clone-1b898/versions/c47781534ae27bfe/files/bfe106a3fb878dc83461c86818bf74fc1bdc7f28538ba613cd3e775516ce8b49 [none]
[debug] [2023-01-31T16:34:53.721Z] >>> [apiv2][body] POST https://upload-firebasehosting.googleapis.com/upload/sites/netflix-clone-1b898/versions/c47781534ae27bfe/files/bfe106a3fb878dc83461c86818bf74fc1bdc7f28538ba613cd3e775516ce8b49 [stream]
[debug] [2023-01-31T16:34:53.727Z] >>> [apiv2][query] POST https://upload-firebasehosting.googleapis.com/upload/sites/netflix-clone-1b898/versions/c47781534ae27bfe/files/eae62e993eb980ec8a25058c39d5a51feab118bd2100c4deebb2a9c158ec11f9 [none]
[debug] [2023-01-31T16:34:53.727Z] >>> [apiv2][body] POST https://upload-firebasehosting.googleapis.com/upload/sites/netflix-clone-1b898/versions/c47781534ae27bfe/files/eae62e993eb980ec8a25058c39d5a51feab118bd2100c4deebb2a9c158ec11f9 [stream]
[debug] [2023-01-31T16:34:53.730Z] >>> [apiv2][query] POST https://upload-firebasehosting.googleapis.com/upload/sites/netflix-clone-1b898/versions/c47781534ae27bfe/files/26211f84a0c8c23931822d674ea257c3fb2e9069c3dc8b19a3fec038700a6ffd [none]
[debug] [2023-01-31T16:34:53.731Z] >>> [apiv2][body] POST https://upload-firebasehosting.googleapis.com/upload/sites/netflix-clone-1b898/versions/c47781534ae27bfe/files/26211f84a0c8c23931822d674ea257c3fb2e9069c3dc8b19a3fec038700a6ffd [stream]
[debug] [2023-01-31T16:34:53.735Z] >>> [apiv2][query] POST https://upload-firebasehosting.googleapis.com/upload/sites/netflix-clone-1b898/versions/c47781534ae27bfe/files/ee7e2f3fdb8209c4b6fd7bef6ba50d1b9dba30a25bb5c3126df057e1cb6f5331 [none]
[debug] [2023-01-31T16:34:53.735Z] >>> [apiv2][body] POST https://upload-firebasehosting.googleapis.com/upload/sites/netflix-clone-1b898/versions/c47781534ae27bfe/files/ee7e2f3fdb8209c4b6fd7bef6ba50d1b9dba30a25bb5c3126df057e1cb6f5331 [stream]
[debug] [2023-01-31T16:34:53.739Z] >>> [apiv2][query] POST https://upload-firebasehosting.googleapis.com/upload/sites/netflix-clone-1b898/versions/c47781534ae27bfe/files/aff3449bdc238776f5d6d967f19ec491b36aed5fb7f23ccff6500736fd58494a [none]
[debug] [2023-01-31T16:34:53.739Z] >>> [apiv2][body] POST https://upload-firebasehosting.googleapis.com/upload/sites/netflix-clone-1b898/versions/c47781534ae27bfe/files/aff3449bdc238776f5d6d967f19ec491b36aed5fb7f23ccff6500736fd58494a [stream]
[debug] [2023-01-31T16:34:53.743Z] >>> [apiv2][query] POST https://upload-firebasehosting.googleapis.com/upload/sites/netflix-clone-1b898/versions/c47781534ae27bfe/files/8a1e0683a057ac7b63bbfb233ab7948ad17bb6424dea98137f2625a42fb7e282 [none]
[debug] [2023-01-31T16:34:53.744Z] >>> [apiv2][body] POST https://upload-firebasehosting.googleapis.com/upload/sites/netflix-clone-1b898/versions/c47781534ae27bfe/files/8a1e0683a057ac7b63bbfb233ab7948ad17bb6424dea98137f2625a42fb7e282 [stream]
[debug] [2023-01-31T16:34:53.747Z] [hosting][populate queue][FINAL] {"max":1531,"min":1531,"avg":1531,"active":0,"complete":1,"success":1,"errored":0,"retried":0,"total":1,"elapsed":1594}
[debug] [2023-01-31T16:34:53.748Z] [hosting] uploads queued: 14
[debug] [2023-01-31T16:34:55.347Z] <<< [apiv2][status] POST https://upload-firebasehosting.googleapis.com/upload/sites/netflix-clone-1b898/versions/c47781534ae27bfe/files/3ee59515172ee198f3be375979df15ac5345183e656720a381b8872b2a39dc8b 200
[debug] [2023-01-31T16:34:55.347Z] <<< [apiv2][body] POST https://upload-firebasehosting.googleapis.com/upload/sites/netflix-clone-1b898/versions/c47781534ae27bfe/files/3ee59515172ee198f3be375979df15ac5345183e656720a381b8872b2a39dc8b [stream]
[debug] [2023-01-31T16:34:55.579Z] <<< [apiv2][status] POST https://upload-firebasehosting.googleapis.com/upload/sites/netflix-clone-1b898/versions/c47781534ae27bfe/files/ee7e2f3fdb8209c4b6fd7bef6ba50d1b9dba30a25bb5c3126df057e1cb6f5331 200
[debug] [2023-01-31T16:34:55.580Z] <<< [apiv2][body] POST https://upload-firebasehosting.googleapis.com/upload/sites/netflix-clone-1b898/versions/c47781534ae27bfe/files/ee7e2f3fdb8209c4b6fd7bef6ba50d1b9dba30a25bb5c3126df057e1cb6f5331 [stream]
[debug] [2023-01-31T16:34:55.728Z] <<< [apiv2][status] POST https://upload-firebasehosting.googleapis.com/upload/sites/netflix-clone-1b898/versions/c47781534ae27bfe/files/508a686029082efc2a907f732179026b971df1f03173c4727ee2c1258b52faf3 200
[debug] [2023-01-31T16:34:55.728Z] <<< [apiv2][body] POST https://upload-firebasehosting.googleapis.com/upload/sites/netflix-clone-1b898/versions/c47781534ae27bfe/files/508a686029082efc2a907f732179026b971df1f03173c4727ee2c1258b52faf3 [stream]
[debug] [2023-01-31T16:34:55.857Z] <<< [apiv2][status] POST https://upload-firebasehosting.googleapis.com/upload/sites/netflix-clone-1b898/versions/c47781534ae27bfe/files/26211f84a0c8c23931822d674ea257c3fb2e9069c3dc8b19a3fec038700a6ffd 200
[debug] [2023-01-31T16:34:55.857Z] <<< [apiv2][body] POST https://upload-firebasehosting.googleapis.com/upload/sites/netflix-clone-1b898/versions/c47781534ae27bfe/files/26211f84a0c8c23931822d674ea257c3fb2e9069c3dc8b19a3fec038700a6ffd [stream]
[debug] [2023-01-31T16:34:55.921Z] <<< [apiv2][status] POST https://upload-firebasehosting.googleapis.com/upload/sites/netflix-clone-1b898/versions/c47781534ae27bfe/files/c268d14940cb9f406aea523487d219d2e3d907a5fbcc16b5f6c0836de61d2b24 200
[debug] [2023-01-31T16:34:55.922Z] <<< [apiv2][body] POST https://upload-firebasehosting.googleapis.com/upload/sites/netflix-clone-1b898/versions/c47781534ae27bfe/files/c268d14940cb9f406aea523487d219d2e3d907a5fbcc16b5f6c0836de61d2b24 [stream]
[debug] [2023-01-31T16:34:56.178Z] <<< [apiv2][status] POST https://upload-firebasehosting.googleapis.com/upload/sites/netflix-clone-1b898/versions/c47781534ae27bfe/files/01184713eae5addf7c14acb471ffd7a0ec8266862fbb411c54c7cb469957c4f1 200
[debug] [2023-01-31T16:34:56.178Z] <<< [apiv2][body] POST https://upload-firebasehosting.googleapis.com/upload/sites/netflix-clone-1b898/versions/c47781534ae27bfe/files/01184713eae5addf7c14acb471ffd7a0ec8266862fbb411c54c7cb469957c4f1 [stream]
[debug] [2023-01-31T16:34:56.183Z] <<< [apiv2][status] POST https://upload-firebasehosting.googleapis.com/upload/sites/netflix-clone-1b898/versions/c47781534ae27bfe/files/f456d066bd5c0313a82e39aa8a87a2e834ea4a5867d3c75556bac38747740d3c 200
[debug] [2023-01-31T16:34:56.184Z] <<< [apiv2][body] POST https://upload-firebasehosting.googleapis.com/upload/sites/netflix-clone-1b898/versions/c47781534ae27bfe/files/f456d066bd5c0313a82e39aa8a87a2e834ea4a5867d3c75556bac38747740d3c [stream]
[debug] [2023-01-31T16:34:56.195Z] <<< [apiv2][status] POST https://upload-firebasehosting.googleapis.com/upload/sites/netflix-clone-1b898/versions/c47781534ae27bfe/files/eae62e993eb980ec8a25058c39d5a51feab118bd2100c4deebb2a9c158ec11f9 200
[debug] [2023-01-31T16:34:56.196Z] <<< [apiv2][body] POST https://upload-firebasehosting.googleapis.com/upload/sites/netflix-clone-1b898/versions/c47781534ae27bfe/files/eae62e993eb980ec8a25058c39d5a51feab118bd2100c4deebb2a9c158ec11f9 [stream]
[debug] [2023-01-31T16:34:56.201Z] <<< [apiv2][status] POST https://upload-firebasehosting.googleapis.com/upload/sites/netflix-clone-1b898/versions/c47781534ae27bfe/files/261cd5edeaeb490149d73bde0381ce144713b6c6c835ce9c7cb95424866b62ea 200
[debug] [2023-01-31T16:34:56.201Z] <<< [apiv2][body] POST https://upload-firebasehosting.googleapis.com/upload/sites/netflix-clone-1b898/versions/c47781534ae27bfe/files/261cd5edeaeb490149d73bde0381ce144713b6c6c835ce9c7cb95424866b62ea [stream]
[debug] [2023-01-31T16:34:56.299Z] <<< [apiv2][status] POST https://upload-firebasehosting.googleapis.com/upload/sites/netflix-clone-1b898/versions/c47781534ae27bfe/files/bfe106a3fb878dc83461c86818bf74fc1bdc7f28538ba613cd3e775516ce8b49 200
[debug] [2023-01-31T16:34:56.300Z] <<< [apiv2][body] POST https://upload-firebasehosting.googleapis.com/upload/sites/netflix-clone-1b898/versions/c47781534ae27bfe/files/bfe106a3fb878dc83461c86818bf74fc1bdc7f28538ba613cd3e775516ce8b49 [stream]
[debug] [2023-01-31T16:34:56.923Z] <<< [apiv2][status] POST https://upload-firebasehosting.googleapis.com/upload/sites/netflix-clone-1b898/versions/c47781534ae27bfe/files/aff3449bdc238776f5d6d967f19ec491b36aed5fb7f23ccff6500736fd58494a 200
[debug] [2023-01-31T16:34:56.924Z] <<< [apiv2][body] POST https://upload-firebasehosting.googleapis.com/upload/sites/netflix-clone-1b898/versions/c47781534ae27bfe/files/aff3449bdc238776f5d6d967f19ec491b36aed5fb7f23ccff6500736fd58494a [stream]
[debug] [2023-01-31T16:34:57.136Z] <<< [apiv2][status] POST https://upload-firebasehosting.googleapis.com/upload/sites/netflix-clone-1b898/versions/c47781534ae27bfe/files/5ff327b64c1eaf3a2ba3ed6befd38ed4fc2160d23fa74d25f6b91a94583d22ba 200
[debug] [2023-01-31T16:34:57.137Z] <<< [apiv2][body] POST https://upload-firebasehosting.googleapis.com/upload/sites/netflix-clone-1b898/versions/c47781534ae27bfe/files/5ff327b64c1eaf3a2ba3ed6befd38ed4fc2160d23fa74d25f6b91a94583d22ba [stream]
[debug] [2023-01-31T16:34:57.377Z] <<< [apiv2][status] POST https://upload-firebasehosting.googleapis.com/upload/sites/netflix-clone-1b898/versions/c47781534ae27bfe/files/7a1c10d6c7d2257b3c20616e27fc58fc44db981a54e9317ea702fa4522063f3b 200
[debug] [2023-01-31T16:34:57.378Z] <<< [apiv2][body] POST https://upload-firebasehosting.googleapis.com/upload/sites/netflix-clone-1b898/versions/c47781534ae27bfe/files/7a1c10d6c7d2257b3c20616e27fc58fc44db981a54e9317ea702fa4522063f3b [stream]
[debug] [2023-01-31T16:34:59.919Z] <<< [apiv2][status] POST https://upload-firebasehosting.googleapis.com/upload/sites/netflix-clone-1b898/versions/c47781534ae27bfe/files/8a1e0683a057ac7b63bbfb233ab7948ad17bb6424dea98137f2625a42fb7e282 200
[debug] [2023-01-31T16:34:59.920Z] <<< [apiv2][body] POST https://upload-firebasehosting.googleapis.com/upload/sites/netflix-clone-1b898/versions/c47781534ae27bfe/files/8a1e0683a057ac7b63bbfb233ab7948ad17bb6424dea98137f2625a42fb7e282 [stream]
[debug] [2023-01-31T16:34:59.920Z] [hosting][upload queue][FINAL] {"max":6237,"min":1670,"avg":2810.3571428571427,"active":0,"complete":14,"success":14,"errored":0,"retried":0,"total":14,"elapsed":6244}
[info] +  hosting[netflix-clone-1b898]: file upload complete 
[debug] [2023-01-31T16:34:59.925Z] [hosting] deploy completed after 8086ms
[debug] [2023-01-31T16:34:59.935Z] [
  {
    "config": {
      "public": "build",
      "ignore": [
        "firebase.json",
        "**/.*",
        "**/node_modules/**"
      ],
      "rewrites": [
        {
          "source": "**",
          "destination": "/index.html"
        }
      ],
      "site": "netflix-clone-1b898"
    },
    "version": "projects/166596141030/sites/netflix-clone-1b898/versions/c47781534ae27bfe"
  }
]
[info] i  hosting[netflix-clone-1b898]: finalizing version... 
[debug] [2023-01-31T16:34:59.947Z] >>> [apiv2][query] PATCH https://firebasehosting.googleapis.com/v1beta1/projects/-/sites/netflix-clone-1b898/versions/c47781534ae27bfe updateMask=status%2Cconfig
[debug] [2023-01-31T16:34:59.948Z] >>> [apiv2][body] PATCH https://firebasehosting.googleapis.com/v1beta1/projects/-/sites/netflix-clone-1b898/versions/c47781534ae27bfe {"status":"FINALIZED","config":{"rewrites":[{"glob":"**","path":"/index.html"}]}}
[debug] [2023-01-31T16:35:01.532Z] <<< [apiv2][status] PATCH https://firebasehosting.googleapis.com/v1beta1/projects/-/sites/netflix-clone-1b898/versions/c47781534ae27bfe 200
[debug] [2023-01-31T16:35:01.534Z] <<< [apiv2][body] PATCH https://firebasehosting.googleapis.com/v1beta1/projects/-/sites/netflix-clone-1b898/versions/c47781534ae27bfe {"name":"projects/166596141030/sites/netflix-clone-1b898/versions/c47781534ae27bfe","status":"FINALIZED","config":{"rewrites":[{"glob":"**","path":"/index.html"}]},"labels":{"deployment-tool":"cli-firebase"},"createTime":"2023-01-31T16:34:31.560674Z","createUser":{"email":"ghazalashameem3365@gmail.com"},"finalizeTime":"2023-01-31T16:35:00.650433Z","finalizeUser":{"email":"ghazalashameem3365@gmail.com"}}
[debug] [2023-01-31T16:35:01.535Z] [hosting] finalized version for netflix-clone-1b898:[object Object]
[info] +  hosting[netflix-clone-1b898]: version finalized 
[info] i  hosting[netflix-clone-1b898]: releasing new version... 
[debug] [2023-01-31T16:35:01.542Z] >>> [apiv2][query] POST https://firebasehosting.googleapis.com/v1beta1/projects/-/sites/netflix-clone-1b898/channels/live/releases versionName=projects%2F166596141030%2Fsites%2Fnetflix-clone-1b898%2Fversions%2Fc47781534ae27bfe
[debug] [2023-01-31T16:35:01.542Z] >>> [apiv2][body] POST https://firebasehosting.googleapis.com/v1beta1/projects/-/sites/netflix-clone-1b898/channels/live/releases {}
[debug] [2023-01-31T16:35:02.300Z] <<< [apiv2][status] POST https://firebasehosting.googleapis.com/v1beta1/projects/-/sites/netflix-clone-1b898/channels/live/releases 200
[debug] [2023-01-31T16:35:02.301Z] <<< [apiv2][body] POST https://firebasehosting.googleapis.com/v1beta1/projects/-/sites/netflix-clone-1b898/channels/live/releases {"name":"projects/166596141030/sites/netflix-clone-1b898/channels/live/releases/1675182900732000","version":{"name":"projects/166596141030/sites/netflix-clone-1b898/versions/c47781534ae27bfe","status":"FINALIZED","config":{"rewrites":[{"glob":"**","path":"/index.html"}]},"labels":{"deployment-tool":"cli-firebase"},"createTime":"2023-01-31T16:34:31.560674Z","createUser":{"email":"ghazalashameem3365@gmail.com","imageUrl":"https://lh3.googleusercontent.com/a/AEdFTp7KIy8HRe1MpsWrYYux8s3QMU2lWhsANXfQTvw=mo"},"finalizeTime":"2023-01-31T16:35:00.650433Z","finalizeUser":{"email":"ghazalashameem3365@gmail.com","imageUrl":"https://lh3.googleusercontent.com/a/AEdFTp7KIy8HRe1MpsWrYYux8s3QMU2lWhsANXfQTvw=mo"}},"type":"DEPLOY","releaseTime":"2023-01-31T16:35:00.732Z","releaseUser":{"email":"ghazalashameem3365@gmail.com","imageUrl":"https://lh3.googleusercontent.com/a/AEdFTp7KIy8HRe1MpsWrYYux8s3QMU2lWhsANXfQTvw=mo"}}
[debug] [2023-01-31T16:35:02.302Z] [hosting] release: {"name":"projects/166596141030/sites/netflix-clone-1b898/channels/live/releases/1675182900732000","version":{"name":"projects/166596141030/sites/netflix-clone-1b898/versions/c47781534ae27bfe","status":"FINALIZED","config":{"rewrites":[{"glob":"**","path":"/index.html"}]},"labels":{"deployment-tool":"cli-firebase"},"createTime":"2023-01-31T16:34:31.560674Z","createUser":{"email":"ghazalashameem3365@gmail.com","imageUrl":"https://lh3.googleusercontent.com/a/AEdFTp7KIy8HRe1MpsWrYYux8s3QMU2lWhsANXfQTvw=mo"},"finalizeTime":"2023-01-31T16:35:00.650433Z","finalizeUser":{"email":"ghazalashameem3365@gmail.com","imageUrl":"https://lh3.googleusercontent.com/a/AEdFTp7KIy8HRe1MpsWrYYux8s3QMU2lWhsANXfQTvw=mo"}},"type":"DEPLOY","releaseTime":"2023-01-31T16:35:00.732Z","releaseUser":{"email":"ghazalashameem3365@gmail.com","imageUrl":"https://lh3.googleusercontent.com/a/AEdFTp7KIy8HRe1MpsWrYYux8s3QMU2lWhsANXfQTvw=mo"}}
[info] +  hosting[netflix-clone-1b898]: release complete 
[info] 
[info] +  Deploy complete! 
[info] 
[info] Project Console: https://console.firebase.google.com/project/netflix-clone-1b898/overview
[info] Hosting URL: https://netflix-clone-1b898.web.app
[debug] [2023-01-31T16:35:33.422Z] Error: Timed out.
    at Timeout._onTimeout (C:\Users\user\AppData\Roaming\npm\node_modules\firebase-tools\lib\utils.js:253:49)
    at listOnTimeout (node:internal/timers:568:17)
    at process.processTimers (node:internal/timers:511:7)
[error] 
[error] Error: An unexpected error has occurred.
